2015-08-04 12:41:28 [-][-][-][error][yii\db\Exception] exception 'PDOException' with message 'SQLSTATE[28000] [1045] Access denied for user 'root'@'localhost' (using password: YES)' in /var/www/html/opensbc/vendor/yiisoft/yii2/db/Connection.php:579
Stack trace:
#0 /var/www/html/opensbc/vendor/yiisoft/yii2/db/Connection.php(579): PDO->__construct('mysql:host=loca...', 'root', 'letmein', NULL)
#1 /var/www/html/opensbc/vendor/yiisoft/yii2/db/Connection.php(529): yii\db\Connection->createPdoInstance()
#2 /var/www/html/opensbc/vendor/yiisoft/yii2/db/Connection.php(836): yii\db\Connection->open()
#3 /var/www/html/opensbc/vendor/yiisoft/yii2/db/Connection.php(823): yii\db\Connection->getMasterPdo()
#4 /var/www/html/opensbc/vendor/yiisoft/yii2/db/Command.php(206): yii\db\Connection->getSlavePdo()
#5 /var/www/html/opensbc/vendor/yiisoft/yii2/db/Command.php(819): yii\db\Command->prepare(true)
#6 /var/www/html/opensbc/vendor/yiisoft/yii2/db/Command.php(349): yii\db\Command->queryInternal('fetchAll', NULL)
#7 /var/www/html/opensbc/vendor/yiisoft/yii2/db/mysql/Schema.php(198): yii\db\Command->queryAll()
#8 /var/www/html/opensbc/vendor/yiisoft/yii2/db/mysql/Schema.php(97): yii\db\mysql\Schema->findColumns(Object(yii\db\TableSchema))
#9 /var/www/html/opensbc/vendor/yiisoft/yii2/db/Schema.php(146): yii\db\mysql\Schema->loadTableSchema('migration')
#10 /var/www/html/opensbc/vendor/yiisoft/yii2/console/controllers/MigrateController.php(121): yii\db\Schema->getTableSchema('{{%migration}}', true)
#11 /var/www/html/opensbc/vendor/yiisoft/yii2/console/controllers/BaseMigrateController.php(610): yii\console\controllers\MigrateController->getMigrationHistory(NULL)
#12 /var/www/html/opensbc/vendor/yiisoft/yii2/console/controllers/BaseMigrateController.php(102): yii\console\controllers\BaseMigrateController->getNewMigrations()
#13 [internal function]: yii\console\controllers\BaseMigrateController->actionUp(0)
#14 /var/www/html/opensbc/vendor/yiisoft/yii2/base/InlineAction.php(55): call_user_func_array(Array, Array)
#15 /var/www/html/opensbc/vendor/yiisoft/yii2/base/Controller.php(151): yii\base\InlineAction->runWithParams(Array)
#16 /var/www/html/opensbc/vendor/yiisoft/yii2/console/Controller.php(91): yii\base\Controller->runAction('', Array)
#17 /var/www/html/opensbc/vendor/yiisoft/yii2/base/Module.php(455): yii\console\Controller->runAction('', Array)
#18 /var/www/html/opensbc/vendor/yiisoft/yii2/console/Application.php(161): yii\base\Module->runAction('migrate', Array)
#19 /var/www/html/opensbc/vendor/yiisoft/yii2/console/Application.php(137): yii\console\Application->runAction('migrate', Array)
#20 /var/www/html/opensbc/vendor/yiisoft/yii2/base/Application.php(375): yii\console\Application->handleRequest(Object(yii\console\Request))
#21 /var/www/html/opensbc/yii(31): yii\base\Application->run()
#22 {main}

Next exception 'yii\db\Exception' with message 'SQLSTATE[28000] [1045] Access denied for user 'root'@'localhost' (using password: YES)' in /var/www/html/opensbc/vendor/yiisoft/yii2/db/Connection.php:534
Stack trace:
#0 /var/www/html/opensbc/vendor/yiisoft/yii2/db/Connection.php(836): yii\db\Connection->open()
#1 /var/www/html/opensbc/vendor/yiisoft/yii2/db/Connection.php(823): yii\db\Connection->getMasterPdo()
#2 /var/www/html/opensbc/vendor/yiisoft/yii2/db/Command.php(206): yii\db\Connection->getSlavePdo()
#3 /var/www/html/opensbc/vendor/yiisoft/yii2/db/Command.php(819): yii\db\Command->prepare(true)
#4 /var/www/html/opensbc/vendor/yiisoft/yii2/db/Command.php(349): yii\db\Command->queryInternal('fetchAll', NULL)
#5 /var/www/html/opensbc/vendor/yiisoft/yii2/db/mysql/Schema.php(198): yii\db\Command->queryAll()
#6 /var/www/html/opensbc/vendor/yiisoft/yii2/db/mysql/Schema.php(97): yii\db\mysql\Schema->findColumns(Object(yii\db\TableSchema))
#7 /var/www/html/opensbc/vendor/yiisoft/yii2/db/Schema.php(146): yii\db\mysql\Schema->loadTableSchema('migration')
#8 /var/www/html/opensbc/vendor/yiisoft/yii2/console/controllers/MigrateController.php(121): yii\db\Schema->getTableSchema('{{%migration}}', true)
#9 /var/www/html/opensbc/vendor/yiisoft/yii2/console/controllers/BaseMigrateController.php(610): yii\console\controllers\MigrateController->getMigrationHistory(NULL)
#10 /var/www/html/opensbc/vendor/yiisoft/yii2/console/controllers/BaseMigrateController.php(102): yii\console\controllers\BaseMigrateController->getNewMigrations()
#11 [internal function]: yii\console\controllers\BaseMigrateController->actionUp(0)
#12 /var/www/html/opensbc/vendor/yiisoft/yii2/base/InlineAction.php(55): call_user_func_array(Array, Array)
#13 /var/www/html/opensbc/vendor/yiisoft/yii2/base/Controller.php(151): yii\base\InlineAction->runWithParams(Array)
#14 /var/www/html/opensbc/vendor/yiisoft/yii2/console/Controller.php(91): yii\base\Controller->runAction('', Array)
#15 /var/www/html/opensbc/vendor/yiisoft/yii2/base/Module.php(455): yii\console\Controller->runAction('', Array)
#16 /var/www/html/opensbc/vendor/yiisoft/yii2/console/Application.php(161): yii\base\Module->runAction('migrate', Array)
#17 /var/www/html/opensbc/vendor/yiisoft/yii2/console/Application.php(137): yii\console\Application->runAction('migrate', Array)
#18 /var/www/html/opensbc/vendor/yiisoft/yii2/base/Application.php(375): yii\console\Application->handleRequest(Object(yii\console\Request))
#19 /var/www/html/opensbc/yii(31): yii\base\Application->run()
#20 {main}
Additional Information:

2015-08-04 12:41:28 [-][-][-][info][application] $_SERVER = [
    'TERM' => 'xterm'
    'SHELL' => '/bin/bash'
    'SSH_CLIENT' => '85.18.194.158 57384 22'
    'SSH_TTY' => '/dev/pts/2'
    'USER' => 'root'
    'LS_COLORS' => 'rs=0:di=01;34:ln=01;36:mh=00:pi=40;33:so=01;35:do=01;35:bd=40;33;01:cd=40;33;01:or=40;31;01:su=37;41:sg=30;43:ca=30;41:tw=30;42:ow=34;42:st=37;44:ex=01;32:*.tar=01;31:*.tgz=01;31:*.arj=01;31:*.taz=01;31:*.lzh=01;31:*.lzma=01;31:*.tlz=01;31:*.txz=01;31:*.zip=01;31:*.z=01;31:*.Z=01;31:*.dz=01;31:*.gz=01;31:*.lz=01;31:*.xz=01;31:*.bz2=01;31:*.bz=01;31:*.tbz=01;31:*.tbz2=01;31:*.tz=01;31:*.deb=01;31:*.rpm=01;31:*.jar=01;31:*.war=01;31:*.ear=01;31:*.sar=01;31:*.rar=01;31:*.ace=01;31:*.zoo=01;31:*.cpio=01;31:*.7z=01;31:*.rz=01;31:*.jpg=01;35:*.jpeg=01;35:*.gif=01;35:*.bmp=01;35:*.pbm=01;35:*.pgm=01;35:*.ppm=01;35:*.tga=01;35:*.xbm=01;35:*.xpm=01;35:*.tif=01;35:*.tiff=01;35:*.png=01;35:*.svg=01;35:*.svgz=01;35:*.mng=01;35:*.pcx=01;35:*.mov=01;35:*.mpg=01;35:*.mpeg=01;35:*.m2v=01;35:*.mkv=01;35:*.webm=01;35:*.ogm=01;35:*.mp4=01;35:*.m4v=01;35:*.mp4v=01;35:*.vob=01;35:*.qt=01;35:*.nuv=01;35:*.wmv=01;35:*.asf=01;35:*.rm=01;35:*.rmvb=01;35:*.flc=01;35:*.avi=01;35:*.fli=01;35:*.flv=01;35:*.gl=01;35:*.dl=01;35:*.xcf=01;35:*.xwd=01;35:*.yuv=01;35:*.cgm=01;35:*.emf=01;35:*.axv=01;35:*.anx=01;35:*.ogv=01;35:*.ogx=01;35:*.aac=00;36:*.au=00;36:*.flac=00;36:*.mid=00;36:*.midi=00;36:*.mka=00;36:*.mp3=00;36:*.mpc=00;36:*.ogg=00;36:*.ra=00;36:*.wav=00;36:*.axa=00;36:*.oga=00;36:*.spx=00;36:*.xspf=00;36:'
    'MAIL' => '/var/mail/root'
    'PATH' => '/usr/local/sbin:/usr/local/bin:/usr/sbin:/usr/bin:/sbin:/bin:/usr/games:/usr/local/games'
    'PWD' => '/var/www/html/opensbc'
    'LANG' => 'en_US.UTF-8'
    'SHLVL' => '1'
    'HOME' => '/root'
    'LOGNAME' => 'root'
    'LC_CTYPE' => 'en_US'
    'SSH_CONNECTION' => '85.18.194.158 57384 82.165.137.15 22'
    'LESSOPEN' => '| /usr/bin/lesspipe %s'
    'LESSCLOSE' => '/usr/bin/lesspipe %s %s'
    '_' => './yii'
    'OLDPWD' => '/var/www/html/opensbc/common'
    'PHP_SELF' => './yii'
    'SCRIPT_NAME' => './yii'
    'SCRIPT_FILENAME' => './yii'
    'PATH_TRANSLATED' => './yii'
    'DOCUMENT_ROOT' => ''
    'REQUEST_TIME_FLOAT' => 1438692088.6117
    'REQUEST_TIME' => 1438692088
    'argv' => [
        0 => './yii'
        1 => 'migrate'
    ]
    'argc' => 2
]
