2015-08-21 14:45:14 [85.18.194.158][1][-][warning][yii\debug\Module::checkAccess] Access to debugger is denied due to IP address restriction. The requesting IP address is 85.18.194.158
    in /var/www/html/OpenSBC/vendor/dmstr/yii2-adminlte-asset/dashboard/yiisoft/yii2-app/layouts/main.php:61
    in /var/www/html/OpenSBC/backend/controllers/SiteController.php:58
2015-08-21 14:45:14 [85.18.194.158][1][-][warning][yii\debug\Module::checkAccess] Access to debugger is denied due to IP address restriction. The requesting IP address is 85.18.194.158
    in /var/www/html/OpenSBC/vendor/dmstr/yii2-adminlte-asset/dashboard/yiisoft/yii2-app/layouts/main.php:61
    in /var/www/html/OpenSBC/backend/controllers/SiteController.php:58
2015-08-21 14:45:14 [85.18.194.158][1][-][info][application] $_COOKIE = [
    '_ga' => 'GA1.2.1041103382.1440165785'
    'PHPSESSID' => '4sof8cov425v56sjmm6i41p125'
    '_csrf' => '4ed2cbd211c139cb807e585d7fd78eaf821f1e71f6b44e1311ab7928b54987f9a:2:{i:0;s:5:\"_csrf\";i:1;s:32:\"xrdxQUjdW4TPSMh-UQoNjJjhTAQDWW6f\";}'
    '_identity' => '313d39a30ac38707f396c5c69997b2f6c4d5d86dbe61f4745f521abf95853138a:2:{i:0;s:9:\"_identity\";i:1;s:46:\"[1,\"ZwT46oEfU2QYhBrKC5J44M9vSAUxeWpU\",2592000]\";}'
]

$_SESSION = [
    '__flash' => []
    '__id' => 1
]

$_SERVER = [
    'HTTP_HOST' => 'sbc.techfusion.it'
    'HTTP_CONNECTION' => 'keep-alive'
    'HTTP_CACHE_CONTROL' => 'max-age=0'
    'HTTP_ACCEPT' => 'text/html,application/xhtml+xml,application/xml;q=0.9,image/webp,*/*;q=0.8'
    'HTTP_UPGRADE_INSECURE_REQUESTS' => '1'
    'HTTP_USER_AGENT' => 'Mozilla/5.0 (Windows NT 6.3; WOW64) AppleWebKit/537.36 (KHTML, like Gecko) Chrome/44.0.2403.155 Safari/537.36'
    'HTTP_ACCEPT_ENCODING' => 'gzip, deflate, sdch'
    'HTTP_ACCEPT_LANGUAGE' => 'it,en-US;q=0.8,en;q=0.6'
    'HTTP_COOKIE' => '_ga=GA1.2.1041103382.1440165785; PHPSESSID=4sof8cov425v56sjmm6i41p125; _csrf=4ed2cbd211c139cb807e585d7fd78eaf821f1e71f6b44e1311ab7928b54987f9a%3A2%3A%7Bi%3A0%3Bs%3A5%3A%22_csrf%22%3Bi%3A1%3Bs%3A32%3A%22xrdxQUjdW4TPSMh-UQoNjJjhTAQDWW6f%22%3B%7D; _identity=313d39a30ac38707f396c5c69997b2f6c4d5d86dbe61f4745f521abf95853138a%3A2%3A%7Bi%3A0%3Bs%3A9%3A%22_identity%22%3Bi%3A1%3Bs%3A46%3A%22%5B1%2C%22ZwT46oEfU2QYhBrKC5J44M9vSAUxeWpU%22%2C2592000%5D%22%3B%7D'
    'PATH' => '/usr/local/sbin:/usr/local/bin:/usr/sbin:/usr/bin:/sbin:/bin'
    'SERVER_SIGNATURE' => ''
    'SERVER_SOFTWARE' => 'Apache/2.4.7 (Ubuntu)'
    'SERVER_NAME' => 'sbc.techfusion.it'
    'SERVER_ADDR' => '82.165.137.15'
    'SERVER_PORT' => '80'
    'REMOTE_ADDR' => '85.18.194.158'
    'DOCUMENT_ROOT' => '/var/www/html/OpenSBC'
    'REQUEST_SCHEME' => 'http'
    'CONTEXT_PREFIX' => '/admin'
    'CONTEXT_DOCUMENT_ROOT' => '/var/www/html/OpenSBC/backend/web'
    'SERVER_ADMIN' => 'parantido@techfusion.it'
    'SCRIPT_FILENAME' => '/var/www/html/OpenSBC/backend/web/index.php'
    'REMOTE_PORT' => '53634'
    'GATEWAY_INTERFACE' => 'CGI/1.1'
    'SERVER_PROTOCOL' => 'HTTP/1.1'
    'REQUEST_METHOD' => 'GET'
    'QUERY_STRING' => ''
    'REQUEST_URI' => '/admin/index.php'
    'SCRIPT_NAME' => '/admin/index.php'
    'PHP_SELF' => '/admin/index.php'
    'REQUEST_TIME_FLOAT' => 1440168314.3
    'REQUEST_TIME' => 1440168314
]
2015-08-21 14:46:29 [85.18.194.158][-][-][warning][yii\debug\Module::checkAccess] Access to debugger is denied due to IP address restriction. The requesting IP address is 85.18.194.158
2015-08-21 14:46:29 [85.18.194.158][-][-][warning][yii\debug\Module::checkAccess] Access to debugger is denied due to IP address restriction. The requesting IP address is 85.18.194.158
2015-08-21 14:46:29 [85.18.194.158][-][-][info][application] $_GET = [
    'r' => 'gii'
]

$_COOKIE = [
    '_ga' => 'GA1.2.1041103382.1440165785'
    'PHPSESSID' => '4sof8cov425v56sjmm6i41p125'
    '_csrf' => '4ed2cbd211c139cb807e585d7fd78eaf821f1e71f6b44e1311ab7928b54987f9a:2:{i:0;s:5:\"_csrf\";i:1;s:32:\"xrdxQUjdW4TPSMh-UQoNjJjhTAQDWW6f\";}'
    '_identity' => '313d39a30ac38707f396c5c69997b2f6c4d5d86dbe61f4745f521abf95853138a:2:{i:0;s:9:\"_identity\";i:1;s:46:\"[1,\"ZwT46oEfU2QYhBrKC5J44M9vSAUxeWpU\",2592000]\";}'
]

$_SERVER = [
    'HTTP_HOST' => 'sbc.techfusion.it'
    'HTTP_CONNECTION' => 'keep-alive'
    'HTTP_ACCEPT' => 'text/html,application/xhtml+xml,application/xml;q=0.9,image/webp,*/*;q=0.8'
    'HTTP_UPGRADE_INSECURE_REQUESTS' => '1'
    'HTTP_USER_AGENT' => 'Mozilla/5.0 (Windows NT 6.3; WOW64) AppleWebKit/537.36 (KHTML, like Gecko) Chrome/44.0.2403.155 Safari/537.36'
    'HTTP_REFERER' => 'http://sbc.techfusion.it/admin/index.php'
    'HTTP_ACCEPT_ENCODING' => 'gzip, deflate, sdch'
    'HTTP_ACCEPT_LANGUAGE' => 'it,en-US;q=0.8,en;q=0.6'
    'HTTP_COOKIE' => '_ga=GA1.2.1041103382.1440165785; PHPSESSID=4sof8cov425v56sjmm6i41p125; _csrf=4ed2cbd211c139cb807e585d7fd78eaf821f1e71f6b44e1311ab7928b54987f9a%3A2%3A%7Bi%3A0%3Bs%3A5%3A%22_csrf%22%3Bi%3A1%3Bs%3A32%3A%22xrdxQUjdW4TPSMh-UQoNjJjhTAQDWW6f%22%3B%7D; _identity=313d39a30ac38707f396c5c69997b2f6c4d5d86dbe61f4745f521abf95853138a%3A2%3A%7Bi%3A0%3Bs%3A9%3A%22_identity%22%3Bi%3A1%3Bs%3A46%3A%22%5B1%2C%22ZwT46oEfU2QYhBrKC5J44M9vSAUxeWpU%22%2C2592000%5D%22%3B%7D'
    'PATH' => '/usr/local/sbin:/usr/local/bin:/usr/sbin:/usr/bin:/sbin:/bin'
    'SERVER_SIGNATURE' => ''
    'SERVER_SOFTWARE' => 'Apache/2.4.7 (Ubuntu)'
    'SERVER_NAME' => 'sbc.techfusion.it'
    'SERVER_ADDR' => '82.165.137.15'
    'SERVER_PORT' => '80'
    'REMOTE_ADDR' => '85.18.194.158'
    'DOCUMENT_ROOT' => '/var/www/html/OpenSBC'
    'REQUEST_SCHEME' => 'http'
    'CONTEXT_PREFIX' => '/admin'
    'CONTEXT_DOCUMENT_ROOT' => '/var/www/html/OpenSBC/backend/web'
    'SERVER_ADMIN' => 'parantido@techfusion.it'
    'SCRIPT_FILENAME' => '/var/www/html/OpenSBC/backend/web/index.php'
    'REMOTE_PORT' => '53641'
    'GATEWAY_INTERFACE' => 'CGI/1.1'
    'SERVER_PROTOCOL' => 'HTTP/1.1'
    'REQUEST_METHOD' => 'GET'
    'QUERY_STRING' => 'r=gii'
    'REQUEST_URI' => '/admin/index.php?r=gii'
    'SCRIPT_NAME' => '/admin/index.php'
    'PHP_SELF' => '/admin/index.php'
    'REQUEST_TIME_FLOAT' => 1440168389.813
    'REQUEST_TIME' => 1440168389
]
2015-08-21 14:46:31 [85.18.194.158][-][-][warning][yii\debug\Module::checkAccess] Access to debugger is denied due to IP address restriction. The requesting IP address is 85.18.194.158
2015-08-21 14:46:31 [85.18.194.158][-][-][warning][yii\debug\Module::checkAccess] Access to debugger is denied due to IP address restriction. The requesting IP address is 85.18.194.158
2015-08-21 14:46:31 [85.18.194.158][-][-][info][application] $_GET = [
    'r' => 'gii/default/view'
    'id' => 'model'
]

$_COOKIE = [
    '_ga' => 'GA1.2.1041103382.1440165785'
    'PHPSESSID' => '4sof8cov425v56sjmm6i41p125'
    '_csrf' => '4ed2cbd211c139cb807e585d7fd78eaf821f1e71f6b44e1311ab7928b54987f9a:2:{i:0;s:5:\"_csrf\";i:1;s:32:\"xrdxQUjdW4TPSMh-UQoNjJjhTAQDWW6f\";}'
    '_identity' => '313d39a30ac38707f396c5c69997b2f6c4d5d86dbe61f4745f521abf95853138a:2:{i:0;s:9:\"_identity\";i:1;s:46:\"[1,\"ZwT46oEfU2QYhBrKC5J44M9vSAUxeWpU\",2592000]\";}'
]

$_SERVER = [
    'HTTP_HOST' => 'sbc.techfusion.it'
    'HTTP_CONNECTION' => 'keep-alive'
    'HTTP_ACCEPT' => 'text/html,application/xhtml+xml,application/xml;q=0.9,image/webp,*/*;q=0.8'
    'HTTP_UPGRADE_INSECURE_REQUESTS' => '1'
    'HTTP_USER_AGENT' => 'Mozilla/5.0 (Windows NT 6.3; WOW64) AppleWebKit/537.36 (KHTML, like Gecko) Chrome/44.0.2403.155 Safari/537.36'
    'HTTP_REFERER' => 'http://sbc.techfusion.it/admin/index.php?r=gii'
    'HTTP_ACCEPT_ENCODING' => 'gzip, deflate, sdch'
    'HTTP_ACCEPT_LANGUAGE' => 'it,en-US;q=0.8,en;q=0.6'
    'HTTP_COOKIE' => '_ga=GA1.2.1041103382.1440165785; PHPSESSID=4sof8cov425v56sjmm6i41p125; _csrf=4ed2cbd211c139cb807e585d7fd78eaf821f1e71f6b44e1311ab7928b54987f9a%3A2%3A%7Bi%3A0%3Bs%3A5%3A%22_csrf%22%3Bi%3A1%3Bs%3A32%3A%22xrdxQUjdW4TPSMh-UQoNjJjhTAQDWW6f%22%3B%7D; _identity=313d39a30ac38707f396c5c69997b2f6c4d5d86dbe61f4745f521abf95853138a%3A2%3A%7Bi%3A0%3Bs%3A9%3A%22_identity%22%3Bi%3A1%3Bs%3A46%3A%22%5B1%2C%22ZwT46oEfU2QYhBrKC5J44M9vSAUxeWpU%22%2C2592000%5D%22%3B%7D'
    'PATH' => '/usr/local/sbin:/usr/local/bin:/usr/sbin:/usr/bin:/sbin:/bin'
    'SERVER_SIGNATURE' => ''
    'SERVER_SOFTWARE' => 'Apache/2.4.7 (Ubuntu)'
    'SERVER_NAME' => 'sbc.techfusion.it'
    'SERVER_ADDR' => '82.165.137.15'
    'SERVER_PORT' => '80'
    'REMOTE_ADDR' => '85.18.194.158'
    'DOCUMENT_ROOT' => '/var/www/html/OpenSBC'
    'REQUEST_SCHEME' => 'http'
    'CONTEXT_PREFIX' => '/admin'
    'CONTEXT_DOCUMENT_ROOT' => '/var/www/html/OpenSBC/backend/web'
    'SERVER_ADMIN' => 'parantido@techfusion.it'
    'SCRIPT_FILENAME' => '/var/www/html/OpenSBC/backend/web/index.php'
    'REMOTE_PORT' => '53646'
    'GATEWAY_INTERFACE' => 'CGI/1.1'
    'SERVER_PROTOCOL' => 'HTTP/1.1'
    'REQUEST_METHOD' => 'GET'
    'QUERY_STRING' => 'r=gii%2Fdefault%2Fview&id=model'
    'REQUEST_URI' => '/admin/index.php?r=gii%2Fdefault%2Fview&id=model'
    'SCRIPT_NAME' => '/admin/index.php'
    'PHP_SELF' => '/admin/index.php'
    'REQUEST_TIME_FLOAT' => 1440168391.234
    'REQUEST_TIME' => 1440168391
]
2015-08-21 14:46:42 [85.18.194.158][-][-][warning][yii\debug\Module::checkAccess] Access to debugger is denied due to IP address restriction. The requesting IP address is 85.18.194.158
2015-08-21 14:46:42 [85.18.194.158][-][-][warning][yii\debug\Module::checkAccess] Access to debugger is denied due to IP address restriction. The requesting IP address is 85.18.194.158
2015-08-21 14:46:42 [85.18.194.158][-][-][info][application] $_GET = [
    'r' => 'gii/default/view'
    'id' => 'model'
]

$_POST = [
    '_csrf' => 'Q0lramJOMmc7Ow8SMxtYAxR9PzoxA1pKFhgEJAgEWA8XCDouNRkEAQ=='
    'Generator' => [
        'tableName' => 'customers'
        'modelClass' => 'Customers'
        'ns' => 'app\\models'
        'baseClass' => 'yii\\db\\ActiveRecord'
        'db' => 'db'
        'useTablePrefix' => '0'
        'generateRelations' => '1'
        'generateLabelsFromComments' => '0'
        'generateQuery' => '1'
        'queryNs' => 'app\\models'
        'queryClass' => 'CustomersQuery'
        'queryBaseClass' => 'yii\\db\\ActiveQuery'
        'enableI18N' => '1'
        'messageCategory' => 'app'
        'template' => 'default'
    ]
    'preview' => ''
]

$_COOKIE = [
    '_ga' => 'GA1.2.1041103382.1440165785'
    'PHPSESSID' => '4sof8cov425v56sjmm6i41p125'
    '_csrf' => '4ed2cbd211c139cb807e585d7fd78eaf821f1e71f6b44e1311ab7928b54987f9a:2:{i:0;s:5:\"_csrf\";i:1;s:32:\"xrdxQUjdW4TPSMh-UQoNjJjhTAQDWW6f\";}'
    '_identity' => '313d39a30ac38707f396c5c69997b2f6c4d5d86dbe61f4745f521abf95853138a:2:{i:0;s:9:\"_identity\";i:1;s:46:\"[1,\"ZwT46oEfU2QYhBrKC5J44M9vSAUxeWpU\",2592000]\";}'
]

$_SERVER = [
    'HTTP_HOST' => 'sbc.techfusion.it'
    'HTTP_CONNECTION' => 'keep-alive'
    'CONTENT_LENGTH' => '708'
    'HTTP_CACHE_CONTROL' => 'max-age=0'
    'HTTP_ACCEPT' => 'text/html,application/xhtml+xml,application/xml;q=0.9,image/webp,*/*;q=0.8'
    'HTTP_ORIGIN' => 'http://sbc.techfusion.it'
    'HTTP_UPGRADE_INSECURE_REQUESTS' => '1'
    'HTTP_USER_AGENT' => 'Mozilla/5.0 (Windows NT 6.3; WOW64) AppleWebKit/537.36 (KHTML, like Gecko) Chrome/44.0.2403.155 Safari/537.36'
    'CONTENT_TYPE' => 'application/x-www-form-urlencoded'
    'HTTP_REFERER' => 'http://sbc.techfusion.it/admin/index.php?r=gii%2Fdefault%2Fview&id=model'
    'HTTP_ACCEPT_ENCODING' => 'gzip, deflate'
    'HTTP_ACCEPT_LANGUAGE' => 'it,en-US;q=0.8,en;q=0.6'
    'HTTP_COOKIE' => '_ga=GA1.2.1041103382.1440165785; PHPSESSID=4sof8cov425v56sjmm6i41p125; _csrf=4ed2cbd211c139cb807e585d7fd78eaf821f1e71f6b44e1311ab7928b54987f9a%3A2%3A%7Bi%3A0%3Bs%3A5%3A%22_csrf%22%3Bi%3A1%3Bs%3A32%3A%22xrdxQUjdW4TPSMh-UQoNjJjhTAQDWW6f%22%3B%7D; _identity=313d39a30ac38707f396c5c69997b2f6c4d5d86dbe61f4745f521abf95853138a%3A2%3A%7Bi%3A0%3Bs%3A9%3A%22_identity%22%3Bi%3A1%3Bs%3A46%3A%22%5B1%2C%22ZwT46oEfU2QYhBrKC5J44M9vSAUxeWpU%22%2C2592000%5D%22%3B%7D'
    'PATH' => '/usr/local/sbin:/usr/local/bin:/usr/sbin:/usr/bin:/sbin:/bin'
    'SERVER_SIGNATURE' => ''
    'SERVER_SOFTWARE' => 'Apache/2.4.7 (Ubuntu)'
    'SERVER_NAME' => 'sbc.techfusion.it'
    'SERVER_ADDR' => '82.165.137.15'
    'SERVER_PORT' => '80'
    'REMOTE_ADDR' => '85.18.194.158'
    'DOCUMENT_ROOT' => '/var/www/html/OpenSBC'
    'REQUEST_SCHEME' => 'http'
    'CONTEXT_PREFIX' => '/admin'
    'CONTEXT_DOCUMENT_ROOT' => '/var/www/html/OpenSBC/backend/web'
    'SERVER_ADMIN' => 'parantido@techfusion.it'
    'SCRIPT_FILENAME' => '/var/www/html/OpenSBC/backend/web/index.php'
    'REMOTE_PORT' => '53647'
    'GATEWAY_INTERFACE' => 'CGI/1.1'
    'SERVER_PROTOCOL' => 'HTTP/1.1'
    'REQUEST_METHOD' => 'POST'
    'QUERY_STRING' => 'r=gii%2Fdefault%2Fview&id=model'
    'REQUEST_URI' => '/admin/index.php?r=gii%2Fdefault%2Fview&id=model'
    'SCRIPT_NAME' => '/admin/index.php'
    'PHP_SELF' => '/admin/index.php'
    'REQUEST_TIME_FLOAT' => 1440168402.534
    'REQUEST_TIME' => 1440168402
]
2015-08-21 14:46:45 [85.18.194.158][-][-][warning][yii\debug\Module::checkAccess] Access to debugger is denied due to IP address restriction. The requesting IP address is 85.18.194.158
2015-08-21 14:46:45 [85.18.194.158][-][-][warning][yii\debug\Module::checkAccess] Access to debugger is denied due to IP address restriction. The requesting IP address is 85.18.194.158
2015-08-21 14:46:45 [85.18.194.158][-][-][info][application] $_GET = [
    'r' => 'gii/default/view'
    'id' => 'model'
]

$_POST = [
    '_csrf' => 'TVZVbmp2WlQ1JDEWOyMwMBpiAT45OzJ5GAc6IAA8MDwZFwQqPSFsMg=='
    'Generator' => [
        'tableName' => 'customers'
        'modelClass' => 'Customers'
        'ns' => 'app\\models'
        'baseClass' => 'yii\\db\\ActiveRecord'
        'db' => 'db'
        'useTablePrefix' => '0'
        'generateRelations' => '1'
        'generateLabelsFromComments' => '0'
        'generateQuery' => '1'
        'queryNs' => 'app\\models'
        'queryClass' => 'CustomersQuery'
        'queryBaseClass' => 'yii\\db\\ActiveQuery'
        'enableI18N' => '1'
        'messageCategory' => 'app'
        'template' => 'default'
    ]
    'answers' => [
        '3bf4589f56e1c48bf70e0be9c72cb84d' => '1'
        'eb280701a79f2767029a088728fed366' => '1'
    ]
    'generate' => ''
]

$_COOKIE = [
    '_ga' => 'GA1.2.1041103382.1440165785'
    'PHPSESSID' => '4sof8cov425v56sjmm6i41p125'
    '_csrf' => '4ed2cbd211c139cb807e585d7fd78eaf821f1e71f6b44e1311ab7928b54987f9a:2:{i:0;s:5:\"_csrf\";i:1;s:32:\"xrdxQUjdW4TPSMh-UQoNjJjhTAQDWW6f\";}'
    '_identity' => '313d39a30ac38707f396c5c69997b2f6c4d5d86dbe61f4745f521abf95853138a:2:{i:0;s:9:\"_identity\";i:1;s:46:\"[1,\"ZwT46oEfU2QYhBrKC5J44M9vSAUxeWpU\",2592000]\";}'
]

$_SERVER = [
    'HTTP_HOST' => 'sbc.techfusion.it'
    'HTTP_CONNECTION' => 'keep-alive'
    'CONTENT_LENGTH' => '805'
    'HTTP_CACHE_CONTROL' => 'max-age=0'
    'HTTP_ACCEPT' => 'text/html,application/xhtml+xml,application/xml;q=0.9,image/webp,*/*;q=0.8'
    'HTTP_ORIGIN' => 'http://sbc.techfusion.it'
    'HTTP_UPGRADE_INSECURE_REQUESTS' => '1'
    'HTTP_USER_AGENT' => 'Mozilla/5.0 (Windows NT 6.3; WOW64) AppleWebKit/537.36 (KHTML, like Gecko) Chrome/44.0.2403.155 Safari/537.36'
    'CONTENT_TYPE' => 'application/x-www-form-urlencoded'
    'HTTP_REFERER' => 'http://sbc.techfusion.it/admin/index.php?r=gii%2Fdefault%2Fview&id=model'
    'HTTP_ACCEPT_ENCODING' => 'gzip, deflate'
    'HTTP_ACCEPT_LANGUAGE' => 'it,en-US;q=0.8,en;q=0.6'
    'HTTP_COOKIE' => '_ga=GA1.2.1041103382.1440165785; PHPSESSID=4sof8cov425v56sjmm6i41p125; _csrf=4ed2cbd211c139cb807e585d7fd78eaf821f1e71f6b44e1311ab7928b54987f9a%3A2%3A%7Bi%3A0%3Bs%3A5%3A%22_csrf%22%3Bi%3A1%3Bs%3A32%3A%22xrdxQUjdW4TPSMh-UQoNjJjhTAQDWW6f%22%3B%7D; _identity=313d39a30ac38707f396c5c69997b2f6c4d5d86dbe61f4745f521abf95853138a%3A2%3A%7Bi%3A0%3Bs%3A9%3A%22_identity%22%3Bi%3A1%3Bs%3A46%3A%22%5B1%2C%22ZwT46oEfU2QYhBrKC5J44M9vSAUxeWpU%22%2C2592000%5D%22%3B%7D'
    'PATH' => '/usr/local/sbin:/usr/local/bin:/usr/sbin:/usr/bin:/sbin:/bin'
    'SERVER_SIGNATURE' => ''
    'SERVER_SOFTWARE' => 'Apache/2.4.7 (Ubuntu)'
    'SERVER_NAME' => 'sbc.techfusion.it'
    'SERVER_ADDR' => '82.165.137.15'
    'SERVER_PORT' => '80'
    'REMOTE_ADDR' => '85.18.194.158'
    'DOCUMENT_ROOT' => '/var/www/html/OpenSBC'
    'REQUEST_SCHEME' => 'http'
    'CONTEXT_PREFIX' => '/admin'
    'CONTEXT_DOCUMENT_ROOT' => '/var/www/html/OpenSBC/backend/web'
    'SERVER_ADMIN' => 'parantido@techfusion.it'
    'SCRIPT_FILENAME' => '/var/www/html/OpenSBC/backend/web/index.php'
    'REMOTE_PORT' => '53650'
    'GATEWAY_INTERFACE' => 'CGI/1.1'
    'SERVER_PROTOCOL' => 'HTTP/1.1'
    'REQUEST_METHOD' => 'POST'
    'QUERY_STRING' => 'r=gii%2Fdefault%2Fview&id=model'
    'REQUEST_URI' => '/admin/index.php?r=gii%2Fdefault%2Fview&id=model'
    'SCRIPT_NAME' => '/admin/index.php'
    'PHP_SELF' => '/admin/index.php'
    'REQUEST_TIME_FLOAT' => 1440168405.888
    'REQUEST_TIME' => 1440168405
]
2015-08-21 14:46:47 [85.18.194.158][-][-][warning][yii\debug\Module::checkAccess] Access to debugger is denied due to IP address restriction. The requesting IP address is 85.18.194.158
2015-08-21 14:46:47 [85.18.194.158][-][-][warning][yii\debug\Module::checkAccess] Access to debugger is denied due to IP address restriction. The requesting IP address is 85.18.194.158
2015-08-21 14:46:47 [85.18.194.158][-][-][info][application] $_GET = [
    'r' => 'gii/default/view'
    'id' => 'crud'
]

$_COOKIE = [
    '_ga' => 'GA1.2.1041103382.1440165785'
    'PHPSESSID' => '4sof8cov425v56sjmm6i41p125'
    '_csrf' => '4ed2cbd211c139cb807e585d7fd78eaf821f1e71f6b44e1311ab7928b54987f9a:2:{i:0;s:5:\"_csrf\";i:1;s:32:\"xrdxQUjdW4TPSMh-UQoNjJjhTAQDWW6f\";}'
    '_identity' => '313d39a30ac38707f396c5c69997b2f6c4d5d86dbe61f4745f521abf95853138a:2:{i:0;s:9:\"_identity\";i:1;s:46:\"[1,\"ZwT46oEfU2QYhBrKC5J44M9vSAUxeWpU\",2592000]\";}'
]

$_SERVER = [
    'HTTP_HOST' => 'sbc.techfusion.it'
    'HTTP_CONNECTION' => 'keep-alive'
    'HTTP_ACCEPT' => 'text/html,application/xhtml+xml,application/xml;q=0.9,image/webp,*/*;q=0.8'
    'HTTP_UPGRADE_INSECURE_REQUESTS' => '1'
    'HTTP_USER_AGENT' => 'Mozilla/5.0 (Windows NT 6.3; WOW64) AppleWebKit/537.36 (KHTML, like Gecko) Chrome/44.0.2403.155 Safari/537.36'
    'HTTP_REFERER' => 'http://sbc.techfusion.it/admin/index.php?r=gii%2Fdefault%2Fview&id=model'
    'HTTP_ACCEPT_ENCODING' => 'gzip, deflate, sdch'
    'HTTP_ACCEPT_LANGUAGE' => 'it,en-US;q=0.8,en;q=0.6'
    'HTTP_COOKIE' => '_ga=GA1.2.1041103382.1440165785; PHPSESSID=4sof8cov425v56sjmm6i41p125; _csrf=4ed2cbd211c139cb807e585d7fd78eaf821f1e71f6b44e1311ab7928b54987f9a%3A2%3A%7Bi%3A0%3Bs%3A5%3A%22_csrf%22%3Bi%3A1%3Bs%3A32%3A%22xrdxQUjdW4TPSMh-UQoNjJjhTAQDWW6f%22%3B%7D; _identity=313d39a30ac38707f396c5c69997b2f6c4d5d86dbe61f4745f521abf95853138a%3A2%3A%7Bi%3A0%3Bs%3A9%3A%22_identity%22%3Bi%3A1%3Bs%3A46%3A%22%5B1%2C%22ZwT46oEfU2QYhBrKC5J44M9vSAUxeWpU%22%2C2592000%5D%22%3B%7D'
    'PATH' => '/usr/local/sbin:/usr/local/bin:/usr/sbin:/usr/bin:/sbin:/bin'
    'SERVER_SIGNATURE' => ''
    'SERVER_SOFTWARE' => 'Apache/2.4.7 (Ubuntu)'
    'SERVER_NAME' => 'sbc.techfusion.it'
    'SERVER_ADDR' => '82.165.137.15'
    'SERVER_PORT' => '80'
    'REMOTE_ADDR' => '85.18.194.158'
    'DOCUMENT_ROOT' => '/var/www/html/OpenSBC'
    'REQUEST_SCHEME' => 'http'
    'CONTEXT_PREFIX' => '/admin'
    'CONTEXT_DOCUMENT_ROOT' => '/var/www/html/OpenSBC/backend/web'
    'SERVER_ADMIN' => 'parantido@techfusion.it'
    'SCRIPT_FILENAME' => '/var/www/html/OpenSBC/backend/web/index.php'
    'REMOTE_PORT' => '53652'
    'GATEWAY_INTERFACE' => 'CGI/1.1'
    'SERVER_PROTOCOL' => 'HTTP/1.1'
    'REQUEST_METHOD' => 'GET'
    'QUERY_STRING' => 'r=gii%2Fdefault%2Fview&id=crud'
    'REQUEST_URI' => '/admin/index.php?r=gii%2Fdefault%2Fview&id=crud'
    'SCRIPT_NAME' => '/admin/index.php'
    'PHP_SELF' => '/admin/index.php'
    'REQUEST_TIME_FLOAT' => 1440168407.592
    'REQUEST_TIME' => 1440168407
]
2015-08-21 14:47:23 [85.18.194.158][-][-][warning][yii\debug\Module::checkAccess] Access to debugger is denied due to IP address restriction. The requesting IP address is 85.18.194.158
2015-08-21 14:47:23 [85.18.194.158][-][-][warning][yii\debug\Module::checkAccess] Access to debugger is denied due to IP address restriction. The requesting IP address is 85.18.194.158
2015-08-21 14:47:22 [85.18.194.158][-][-][info][application] $_GET = [
    'r' => 'gii/default/view'
    'id' => 'crud'
]

$_POST = [
    '_csrf' => 'WVpPd2pJM0UhKCsPOxxZIQ5uGyc5BFtoDAsgOQADWS0NGx4zPR4FIw=='
    'Generator' => [
        'modelClass' => 'app\\models\\Customers'
        'searchModelClass' => 'app\\models\\CustomersSearch'
        'controllerClass' => 'app\\controllers\\CustomersController'
        'viewPath' => ''
        'baseControllerClass' => 'yii\\web\\Controller'
        'indexWidgetType' => 'grid'
        'enableI18N' => '1'
        'messageCategory' => 'app'
        'template' => 'default'
    ]
    'preview' => ''
]

$_COOKIE = [
    '_ga' => 'GA1.2.1041103382.1440165785'
    'PHPSESSID' => '4sof8cov425v56sjmm6i41p125'
    '_csrf' => '4ed2cbd211c139cb807e585d7fd78eaf821f1e71f6b44e1311ab7928b54987f9a:2:{i:0;s:5:\"_csrf\";i:1;s:32:\"xrdxQUjdW4TPSMh-UQoNjJjhTAQDWW6f\";}'
    '_identity' => '313d39a30ac38707f396c5c69997b2f6c4d5d86dbe61f4745f521abf95853138a:2:{i:0;s:9:\"_identity\";i:1;s:46:\"[1,\"ZwT46oEfU2QYhBrKC5J44M9vSAUxeWpU\",2592000]\";}'
]

$_SERVER = [
    'HTTP_HOST' => 'sbc.techfusion.it'
    'HTTP_CONNECTION' => 'keep-alive'
    'CONTENT_LENGTH' => '502'
    'HTTP_CACHE_CONTROL' => 'max-age=0'
    'HTTP_ACCEPT' => 'text/html,application/xhtml+xml,application/xml;q=0.9,image/webp,*/*;q=0.8'
    'HTTP_ORIGIN' => 'http://sbc.techfusion.it'
    'HTTP_UPGRADE_INSECURE_REQUESTS' => '1'
    'HTTP_USER_AGENT' => 'Mozilla/5.0 (Windows NT 6.3; WOW64) AppleWebKit/537.36 (KHTML, like Gecko) Chrome/44.0.2403.155 Safari/537.36'
    'CONTENT_TYPE' => 'application/x-www-form-urlencoded'
    'HTTP_REFERER' => 'http://sbc.techfusion.it/admin/index.php?r=gii%2Fdefault%2Fview&id=crud'
    'HTTP_ACCEPT_ENCODING' => 'gzip, deflate'
    'HTTP_ACCEPT_LANGUAGE' => 'it,en-US;q=0.8,en;q=0.6'
    'HTTP_COOKIE' => '_ga=GA1.2.1041103382.1440165785; PHPSESSID=4sof8cov425v56sjmm6i41p125; _csrf=4ed2cbd211c139cb807e585d7fd78eaf821f1e71f6b44e1311ab7928b54987f9a%3A2%3A%7Bi%3A0%3Bs%3A5%3A%22_csrf%22%3Bi%3A1%3Bs%3A32%3A%22xrdxQUjdW4TPSMh-UQoNjJjhTAQDWW6f%22%3B%7D; _identity=313d39a30ac38707f396c5c69997b2f6c4d5d86dbe61f4745f521abf95853138a%3A2%3A%7Bi%3A0%3Bs%3A9%3A%22_identity%22%3Bi%3A1%3Bs%3A46%3A%22%5B1%2C%22ZwT46oEfU2QYhBrKC5J44M9vSAUxeWpU%22%2C2592000%5D%22%3B%7D'
    'PATH' => '/usr/local/sbin:/usr/local/bin:/usr/sbin:/usr/bin:/sbin:/bin'
    'SERVER_SIGNATURE' => ''
    'SERVER_SOFTWARE' => 'Apache/2.4.7 (Ubuntu)'
    'SERVER_NAME' => 'sbc.techfusion.it'
    'SERVER_ADDR' => '82.165.137.15'
    'SERVER_PORT' => '80'
    'REMOTE_ADDR' => '85.18.194.158'
    'DOCUMENT_ROOT' => '/var/www/html/OpenSBC'
    'REQUEST_SCHEME' => 'http'
    'CONTEXT_PREFIX' => '/admin'
    'CONTEXT_DOCUMENT_ROOT' => '/var/www/html/OpenSBC/backend/web'
    'SERVER_ADMIN' => 'parantido@techfusion.it'
    'SCRIPT_FILENAME' => '/var/www/html/OpenSBC/backend/web/index.php'
    'REMOTE_PORT' => '53654'
    'GATEWAY_INTERFACE' => 'CGI/1.1'
    'SERVER_PROTOCOL' => 'HTTP/1.1'
    'REQUEST_METHOD' => 'POST'
    'QUERY_STRING' => 'r=gii%2Fdefault%2Fview&id=crud'
    'REQUEST_URI' => '/admin/index.php?r=gii%2Fdefault%2Fview&id=crud'
    'SCRIPT_NAME' => '/admin/index.php'
    'PHP_SELF' => '/admin/index.php'
    'REQUEST_TIME_FLOAT' => 1440168442.992
    'REQUEST_TIME' => 1440168442
]
2015-08-21 14:47:28 [85.18.194.158][-][-][warning][yii\debug\Module::checkAccess] Access to debugger is denied due to IP address restriction. The requesting IP address is 85.18.194.158
2015-08-21 14:47:28 [85.18.194.158][-][-][warning][yii\debug\Module::checkAccess] Access to debugger is denied due to IP address restriction. The requesting IP address is 85.18.194.158
2015-08-21 14:47:28 [85.18.194.158][-][-][info][application] $_GET = [
    'r' => 'gii/default/view'
    'id' => 'crud'
]

$_POST = [
    '_csrf' => 'N3o1UDEySnBPCFEoYGcgFGBOYQBifyJdYitaHlt4IBhjO2QUZmV8Fg=='
    'Generator' => [
        'modelClass' => 'app\\models\\Customers'
        'searchModelClass' => 'app\\models\\CustomersSearch'
        'controllerClass' => 'app\\controllers\\CustomersController'
        'viewPath' => ''
        'baseControllerClass' => 'yii\\web\\Controller'
        'indexWidgetType' => 'grid'
        'enableI18N' => '1'
        'messageCategory' => 'app'
        'template' => 'default'
    ]
    'answers' => [
        '6d7bd2d3f2362889e47e591998fe47c6' => '1'
        '8ed4b9b2b36c87b2d5c062fbef28d980' => '1'
        '34a53f648800d4c631e0647dc28e1b31' => '1'
        '3d4b0e93c7c76f06c2c4557ec612b1aa' => '1'
        'ea74f3f627edef8f14cd4d44cbaca07c' => '1'
        '905f83b33c6c54c256b6754532c26f21' => '1'
        '7297df655d0523573b91b1d9daca1ace' => '1'
        '9b02f99a9b26c768646c01498df5d18a' => '1'
    ]
    'generate' => ''
]

$_COOKIE = [
    '_ga' => 'GA1.2.1041103382.1440165785'
    'PHPSESSID' => '4sof8cov425v56sjmm6i41p125'
    '_csrf' => '4ed2cbd211c139cb807e585d7fd78eaf821f1e71f6b44e1311ab7928b54987f9a:2:{i:0;s:5:\"_csrf\";i:1;s:32:\"xrdxQUjdW4TPSMh-UQoNjJjhTAQDWW6f\";}'
    '_identity' => '313d39a30ac38707f396c5c69997b2f6c4d5d86dbe61f4745f521abf95853138a:2:{i:0;s:9:\"_identity\";i:1;s:46:\"[1,\"ZwT46oEfU2QYhBrKC5J44M9vSAUxeWpU\",2592000]\";}'
]

$_SERVER = [
    'HTTP_HOST' => 'sbc.techfusion.it'
    'HTTP_CONNECTION' => 'keep-alive'
    'CONTENT_LENGTH' => '887'
    'HTTP_CACHE_CONTROL' => 'max-age=0'
    'HTTP_ACCEPT' => 'text/html,application/xhtml+xml,application/xml;q=0.9,image/webp,*/*;q=0.8'
    'HTTP_ORIGIN' => 'http://sbc.techfusion.it'
    'HTTP_UPGRADE_INSECURE_REQUESTS' => '1'
    'HTTP_USER_AGENT' => 'Mozilla/5.0 (Windows NT 6.3; WOW64) AppleWebKit/537.36 (KHTML, like Gecko) Chrome/44.0.2403.155 Safari/537.36'
    'CONTENT_TYPE' => 'application/x-www-form-urlencoded'
    'HTTP_REFERER' => 'http://sbc.techfusion.it/admin/index.php?r=gii%2Fdefault%2Fview&id=crud'
    'HTTP_ACCEPT_ENCODING' => 'gzip, deflate'
    'HTTP_ACCEPT_LANGUAGE' => 'it,en-US;q=0.8,en;q=0.6'
    'HTTP_COOKIE' => '_ga=GA1.2.1041103382.1440165785; PHPSESSID=4sof8cov425v56sjmm6i41p125; _csrf=4ed2cbd211c139cb807e585d7fd78eaf821f1e71f6b44e1311ab7928b54987f9a%3A2%3A%7Bi%3A0%3Bs%3A5%3A%22_csrf%22%3Bi%3A1%3Bs%3A32%3A%22xrdxQUjdW4TPSMh-UQoNjJjhTAQDWW6f%22%3B%7D; _identity=313d39a30ac38707f396c5c69997b2f6c4d5d86dbe61f4745f521abf95853138a%3A2%3A%7Bi%3A0%3Bs%3A9%3A%22_identity%22%3Bi%3A1%3Bs%3A46%3A%22%5B1%2C%22ZwT46oEfU2QYhBrKC5J44M9vSAUxeWpU%22%2C2592000%5D%22%3B%7D'
    'PATH' => '/usr/local/sbin:/usr/local/bin:/usr/sbin:/usr/bin:/sbin:/bin'
    'SERVER_SIGNATURE' => ''
    'SERVER_SOFTWARE' => 'Apache/2.4.7 (Ubuntu)'
    'SERVER_NAME' => 'sbc.techfusion.it'
    'SERVER_ADDR' => '82.165.137.15'
    'SERVER_PORT' => '80'
    'REMOTE_ADDR' => '85.18.194.158'
    'DOCUMENT_ROOT' => '/var/www/html/OpenSBC'
    'REQUEST_SCHEME' => 'http'
    'CONTEXT_PREFIX' => '/admin'
    'CONTEXT_DOCUMENT_ROOT' => '/var/www/html/OpenSBC/backend/web'
    'SERVER_ADMIN' => 'parantido@techfusion.it'
    'SCRIPT_FILENAME' => '/var/www/html/OpenSBC/backend/web/index.php'
    'REMOTE_PORT' => '53659'
    'GATEWAY_INTERFACE' => 'CGI/1.1'
    'SERVER_PROTOCOL' => 'HTTP/1.1'
    'REQUEST_METHOD' => 'POST'
    'QUERY_STRING' => 'r=gii%2Fdefault%2Fview&id=crud'
    'REQUEST_URI' => '/admin/index.php?r=gii%2Fdefault%2Fview&id=crud'
    'SCRIPT_NAME' => '/admin/index.php'
    'PHP_SELF' => '/admin/index.php'
    'REQUEST_TIME_FLOAT' => 1440168448.187
    'REQUEST_TIME' => 1440168448
]
2015-08-21 14:47:35 [85.18.194.158][1][-][warning][yii\debug\Module::checkAccess] Access to debugger is denied due to IP address restriction. The requesting IP address is 85.18.194.158
    in /var/www/html/OpenSBC/vendor/dmstr/yii2-adminlte-asset/dashboard/yiisoft/yii2-app/layouts/main.php:61
    in /var/www/html/OpenSBC/backend/controllers/SiteController.php:58
2015-08-21 14:47:35 [85.18.194.158][1][-][warning][yii\debug\Module::checkAccess] Access to debugger is denied due to IP address restriction. The requesting IP address is 85.18.194.158
    in /var/www/html/OpenSBC/vendor/dmstr/yii2-adminlte-asset/dashboard/yiisoft/yii2-app/layouts/main.php:61
    in /var/www/html/OpenSBC/backend/controllers/SiteController.php:58
2015-08-21 14:47:35 [85.18.194.158][1][-][info][application] $_COOKIE = [
    '_ga' => 'GA1.2.1041103382.1440165785'
    'PHPSESSID' => '4sof8cov425v56sjmm6i41p125'
    '_csrf' => '4ed2cbd211c139cb807e585d7fd78eaf821f1e71f6b44e1311ab7928b54987f9a:2:{i:0;s:5:\"_csrf\";i:1;s:32:\"xrdxQUjdW4TPSMh-UQoNjJjhTAQDWW6f\";}'
    '_identity' => '313d39a30ac38707f396c5c69997b2f6c4d5d86dbe61f4745f521abf95853138a:2:{i:0;s:9:\"_identity\";i:1;s:46:\"[1,\"ZwT46oEfU2QYhBrKC5J44M9vSAUxeWpU\",2592000]\";}'
]

$_SESSION = [
    '__flash' => []
    '__id' => 1
]

$_SERVER = [
    'HTTP_HOST' => 'sbc.techfusion.it'
    'HTTP_CONNECTION' => 'keep-alive'
    'HTTP_ACCEPT' => 'text/html,application/xhtml+xml,application/xml;q=0.9,image/webp,*/*;q=0.8'
    'HTTP_UPGRADE_INSECURE_REQUESTS' => '1'
    'HTTP_USER_AGENT' => 'Mozilla/5.0 (Windows NT 6.3; WOW64) AppleWebKit/537.36 (KHTML, like Gecko) Chrome/44.0.2403.155 Safari/537.36'
    'HTTP_ACCEPT_ENCODING' => 'gzip, deflate, sdch'
    'HTTP_ACCEPT_LANGUAGE' => 'it,en-US;q=0.8,en;q=0.6'
    'HTTP_COOKIE' => '_ga=GA1.2.1041103382.1440165785; PHPSESSID=4sof8cov425v56sjmm6i41p125; _csrf=4ed2cbd211c139cb807e585d7fd78eaf821f1e71f6b44e1311ab7928b54987f9a%3A2%3A%7Bi%3A0%3Bs%3A5%3A%22_csrf%22%3Bi%3A1%3Bs%3A32%3A%22xrdxQUjdW4TPSMh-UQoNjJjhTAQDWW6f%22%3B%7D; _identity=313d39a30ac38707f396c5c69997b2f6c4d5d86dbe61f4745f521abf95853138a%3A2%3A%7Bi%3A0%3Bs%3A9%3A%22_identity%22%3Bi%3A1%3Bs%3A46%3A%22%5B1%2C%22ZwT46oEfU2QYhBrKC5J44M9vSAUxeWpU%22%2C2592000%5D%22%3B%7D'
    'PATH' => '/usr/local/sbin:/usr/local/bin:/usr/sbin:/usr/bin:/sbin:/bin'
    'SERVER_SIGNATURE' => ''
    'SERVER_SOFTWARE' => 'Apache/2.4.7 (Ubuntu)'
    'SERVER_NAME' => 'sbc.techfusion.it'
    'SERVER_ADDR' => '82.165.137.15'
    'SERVER_PORT' => '80'
    'REMOTE_ADDR' => '85.18.194.158'
    'DOCUMENT_ROOT' => '/var/www/html/OpenSBC'
    'REQUEST_SCHEME' => 'http'
    'CONTEXT_PREFIX' => '/admin'
    'CONTEXT_DOCUMENT_ROOT' => '/var/www/html/OpenSBC/backend/web'
    'SERVER_ADMIN' => 'parantido@techfusion.it'
    'SCRIPT_FILENAME' => '/var/www/html/OpenSBC/backend/web/index.php'
    'REMOTE_PORT' => '53661'
    'GATEWAY_INTERFACE' => 'CGI/1.1'
    'SERVER_PROTOCOL' => 'HTTP/1.1'
    'REQUEST_METHOD' => 'GET'
    'QUERY_STRING' => ''
    'REQUEST_URI' => '/admin/'
    'SCRIPT_NAME' => '/admin/index.php'
    'PHP_SELF' => '/admin/index.php'
    'REQUEST_TIME_FLOAT' => 1440168455.363
    'REQUEST_TIME' => 1440168455
]
2015-08-21 14:47:39 [85.18.194.158][-][-][error][yii\base\UnknownClassException] exception 'yii\base\UnknownClassException' with message 'Unable to find 'backend\controllers\CustomersController' in file: /var/www/html/OpenSBC/backend/controllers/CustomersController.php. Namespace missing?' in /var/www/html/OpenSBC/vendor/yiisoft/yii2/BaseYii.php:291
Stack trace:
#0 [internal function]: yii\BaseYii::autoload('backend\control...')
#1 [internal function]: spl_autoload_call('backend\control...')
#2 /var/www/html/OpenSBC/vendor/yiisoft/yii2/base/Module.php(563): class_exists('backend\control...')
#3 /var/www/html/OpenSBC/vendor/yiisoft/yii2/base/Module.php(521): yii\base\Module->createControllerByID('customers')
#4 /var/www/html/OpenSBC/vendor/yiisoft/yii2/base/Module.php(449): yii\base\Module->createController('customers')
#5 /var/www/html/OpenSBC/vendor/yiisoft/yii2/web/Application.php(84): yii\base\Module->runAction('customers', Array)
#6 /var/www/html/OpenSBC/vendor/yiisoft/yii2/base/Application.php(375): yii\web\Application->handleRequest(Object(yii\web\Request))
#7 /var/www/html/OpenSBC/backend/web/index.php(18): yii\base\Application->run()
#8 {main}
2015-08-21 14:47:39 [85.18.194.158][-][-][warning][yii\debug\Module::checkAccess] Access to debugger is denied due to IP address restriction. The requesting IP address is 85.18.194.158
2015-08-21 14:47:39 [85.18.194.158][-][-][warning][yii\debug\Module::checkAccess] Access to debugger is denied due to IP address restriction. The requesting IP address is 85.18.194.158
2015-08-21 14:47:39 [85.18.194.158][-][-][info][application] $_GET = [
    'r' => 'customers'
]

$_COOKIE = [
    '_ga' => 'GA1.2.1041103382.1440165785'
    'PHPSESSID' => '4sof8cov425v56sjmm6i41p125'
    '_csrf' => '4ed2cbd211c139cb807e585d7fd78eaf821f1e71f6b44e1311ab7928b54987f9a:2:{i:0;s:5:\"_csrf\";i:1;s:32:\"xrdxQUjdW4TPSMh-UQoNjJjhTAQDWW6f\";}'
    '_identity' => '313d39a30ac38707f396c5c69997b2f6c4d5d86dbe61f4745f521abf95853138a:2:{i:0;s:9:\"_identity\";i:1;s:46:\"[1,\"ZwT46oEfU2QYhBrKC5J44M9vSAUxeWpU\",2592000]\";}'
]

$_SERVER = [
    'HTTP_HOST' => 'sbc.techfusion.it'
    'HTTP_CONNECTION' => 'keep-alive'
    'HTTP_ACCEPT' => 'text/html,application/xhtml+xml,application/xml;q=0.9,image/webp,*/*;q=0.8'
    'HTTP_UPGRADE_INSECURE_REQUESTS' => '1'
    'HTTP_USER_AGENT' => 'Mozilla/5.0 (Windows NT 6.3; WOW64) AppleWebKit/537.36 (KHTML, like Gecko) Chrome/44.0.2403.155 Safari/537.36'
    'HTTP_REFERER' => 'http://sbc.techfusion.it/admin/'
    'HTTP_ACCEPT_ENCODING' => 'gzip, deflate, sdch'
    'HTTP_ACCEPT_LANGUAGE' => 'it,en-US;q=0.8,en;q=0.6'
    'HTTP_COOKIE' => '_ga=GA1.2.1041103382.1440165785; PHPSESSID=4sof8cov425v56sjmm6i41p125; _csrf=4ed2cbd211c139cb807e585d7fd78eaf821f1e71f6b44e1311ab7928b54987f9a%3A2%3A%7Bi%3A0%3Bs%3A5%3A%22_csrf%22%3Bi%3A1%3Bs%3A32%3A%22xrdxQUjdW4TPSMh-UQoNjJjhTAQDWW6f%22%3B%7D; _identity=313d39a30ac38707f396c5c69997b2f6c4d5d86dbe61f4745f521abf95853138a%3A2%3A%7Bi%3A0%3Bs%3A9%3A%22_identity%22%3Bi%3A1%3Bs%3A46%3A%22%5B1%2C%22ZwT46oEfU2QYhBrKC5J44M9vSAUxeWpU%22%2C2592000%5D%22%3B%7D'
    'PATH' => '/usr/local/sbin:/usr/local/bin:/usr/sbin:/usr/bin:/sbin:/bin'
    'SERVER_SIGNATURE' => ''
    'SERVER_SOFTWARE' => 'Apache/2.4.7 (Ubuntu)'
    'SERVER_NAME' => 'sbc.techfusion.it'
    'SERVER_ADDR' => '82.165.137.15'
    'SERVER_PORT' => '80'
    'REMOTE_ADDR' => '85.18.194.158'
    'DOCUMENT_ROOT' => '/var/www/html/OpenSBC'
    'REQUEST_SCHEME' => 'http'
    'CONTEXT_PREFIX' => '/admin'
    'CONTEXT_DOCUMENT_ROOT' => '/var/www/html/OpenSBC/backend/web'
    'SERVER_ADMIN' => 'parantido@techfusion.it'
    'SCRIPT_FILENAME' => '/var/www/html/OpenSBC/backend/web/index.php'
    'REMOTE_PORT' => '53663'
    'GATEWAY_INTERFACE' => 'CGI/1.1'
    'SERVER_PROTOCOL' => 'HTTP/1.1'
    'REQUEST_METHOD' => 'GET'
    'QUERY_STRING' => 'r=customers'
    'REQUEST_URI' => '/admin/index.php?r=customers'
    'SCRIPT_NAME' => '/admin/index.php'
    'PHP_SELF' => '/admin/index.php'
    'REQUEST_TIME_FLOAT' => 1440168459.338
    'REQUEST_TIME' => 1440168459
]
2015-08-21 14:48:00 [85.18.194.158][1][-][warning][yii\debug\Module::checkAccess] Access to debugger is denied due to IP address restriction. The requesting IP address is 85.18.194.158
    in /var/www/html/OpenSBC/vendor/dmstr/yii2-adminlte-asset/dashboard/yiisoft/yii2-app/layouts/main.php:61
    in /var/www/html/OpenSBC/backend/controllers/CustomersController.php:41
2015-08-21 14:48:00 [85.18.194.158][1][-][warning][yii\debug\Module::checkAccess] Access to debugger is denied due to IP address restriction. The requesting IP address is 85.18.194.158
    in /var/www/html/OpenSBC/vendor/dmstr/yii2-adminlte-asset/dashboard/yiisoft/yii2-app/layouts/main.php:61
    in /var/www/html/OpenSBC/backend/controllers/CustomersController.php:41
2015-08-21 14:48:00 [85.18.194.158][1][-][info][application] $_GET = [
    'r' => 'customers'
]

$_COOKIE = [
    '_ga' => 'GA1.2.1041103382.1440165785'
    'PHPSESSID' => '4sof8cov425v56sjmm6i41p125'
    '_csrf' => '4ed2cbd211c139cb807e585d7fd78eaf821f1e71f6b44e1311ab7928b54987f9a:2:{i:0;s:5:\"_csrf\";i:1;s:32:\"xrdxQUjdW4TPSMh-UQoNjJjhTAQDWW6f\";}'
    '_identity' => '313d39a30ac38707f396c5c69997b2f6c4d5d86dbe61f4745f521abf95853138a:2:{i:0;s:9:\"_identity\";i:1;s:46:\"[1,\"ZwT46oEfU2QYhBrKC5J44M9vSAUxeWpU\",2592000]\";}'
]

$_SESSION = [
    '__flash' => []
    '__id' => 1
]

$_SERVER = [
    'HTTP_HOST' => 'sbc.techfusion.it'
    'HTTP_CONNECTION' => 'keep-alive'
    'HTTP_CACHE_CONTROL' => 'max-age=0'
    'HTTP_ACCEPT' => 'text/html,application/xhtml+xml,application/xml;q=0.9,image/webp,*/*;q=0.8'
    'HTTP_UPGRADE_INSECURE_REQUESTS' => '1'
    'HTTP_USER_AGENT' => 'Mozilla/5.0 (Windows NT 6.3; WOW64) AppleWebKit/537.36 (KHTML, like Gecko) Chrome/44.0.2403.155 Safari/537.36'
    'HTTP_ACCEPT_ENCODING' => 'gzip, deflate, sdch'
    'HTTP_ACCEPT_LANGUAGE' => 'it,en-US;q=0.8,en;q=0.6'
    'HTTP_COOKIE' => '_ga=GA1.2.1041103382.1440165785; PHPSESSID=4sof8cov425v56sjmm6i41p125; _csrf=4ed2cbd211c139cb807e585d7fd78eaf821f1e71f6b44e1311ab7928b54987f9a%3A2%3A%7Bi%3A0%3Bs%3A5%3A%22_csrf%22%3Bi%3A1%3Bs%3A32%3A%22xrdxQUjdW4TPSMh-UQoNjJjhTAQDWW6f%22%3B%7D; _identity=313d39a30ac38707f396c5c69997b2f6c4d5d86dbe61f4745f521abf95853138a%3A2%3A%7Bi%3A0%3Bs%3A9%3A%22_identity%22%3Bi%3A1%3Bs%3A46%3A%22%5B1%2C%22ZwT46oEfU2QYhBrKC5J44M9vSAUxeWpU%22%2C2592000%5D%22%3B%7D'
    'PATH' => '/usr/local/sbin:/usr/local/bin:/usr/sbin:/usr/bin:/sbin:/bin'
    'SERVER_SIGNATURE' => ''
    'SERVER_SOFTWARE' => 'Apache/2.4.7 (Ubuntu)'
    'SERVER_NAME' => 'sbc.techfusion.it'
    'SERVER_ADDR' => '82.165.137.15'
    'SERVER_PORT' => '80'
    'REMOTE_ADDR' => '85.18.194.158'
    'DOCUMENT_ROOT' => '/var/www/html/OpenSBC'
    'REQUEST_SCHEME' => 'http'
    'CONTEXT_PREFIX' => '/admin'
    'CONTEXT_DOCUMENT_ROOT' => '/var/www/html/OpenSBC/backend/web'
    'SERVER_ADMIN' => 'parantido@techfusion.it'
    'SCRIPT_FILENAME' => '/var/www/html/OpenSBC/backend/web/index.php'
    'REMOTE_PORT' => '53666'
    'GATEWAY_INTERFACE' => 'CGI/1.1'
    'SERVER_PROTOCOL' => 'HTTP/1.1'
    'REQUEST_METHOD' => 'GET'
    'QUERY_STRING' => 'r=customers'
    'REQUEST_URI' => '/admin/index.php?r=customers'
    'SCRIPT_NAME' => '/admin/index.php'
    'PHP_SELF' => '/admin/index.php'
    'REQUEST_TIME_FLOAT' => 1440168480.466
    'REQUEST_TIME' => 1440168480
]
2015-08-21 14:48:03 [85.18.194.158][1][-][warning][yii\debug\Module::checkAccess] Access to debugger is denied due to IP address restriction. The requesting IP address is 85.18.194.158
    in /var/www/html/OpenSBC/vendor/dmstr/yii2-adminlte-asset/dashboard/yiisoft/yii2-app/layouts/main.php:61
    in /var/www/html/OpenSBC/backend/controllers/SiteController.php:58
2015-08-21 14:48:03 [85.18.194.158][1][-][warning][yii\debug\Module::checkAccess] Access to debugger is denied due to IP address restriction. The requesting IP address is 85.18.194.158
    in /var/www/html/OpenSBC/vendor/dmstr/yii2-adminlte-asset/dashboard/yiisoft/yii2-app/layouts/main.php:61
    in /var/www/html/OpenSBC/backend/controllers/SiteController.php:58
2015-08-21 14:48:03 [85.18.194.158][1][-][info][application] $_COOKIE = [
    '_ga' => 'GA1.2.1041103382.1440165785'
    'PHPSESSID' => '4sof8cov425v56sjmm6i41p125'
    '_csrf' => '4ed2cbd211c139cb807e585d7fd78eaf821f1e71f6b44e1311ab7928b54987f9a:2:{i:0;s:5:\"_csrf\";i:1;s:32:\"xrdxQUjdW4TPSMh-UQoNjJjhTAQDWW6f\";}'
    '_identity' => '313d39a30ac38707f396c5c69997b2f6c4d5d86dbe61f4745f521abf95853138a:2:{i:0;s:9:\"_identity\";i:1;s:46:\"[1,\"ZwT46oEfU2QYhBrKC5J44M9vSAUxeWpU\",2592000]\";}'
]

$_SESSION = [
    '__flash' => []
    '__id' => 1
]

$_SERVER = [
    'HTTP_HOST' => 'sbc.techfusion.it'
    'HTTP_CONNECTION' => 'keep-alive'
    'HTTP_ACCEPT' => 'text/html,application/xhtml+xml,application/xml;q=0.9,image/webp,*/*;q=0.8'
    'HTTP_UPGRADE_INSECURE_REQUESTS' => '1'
    'HTTP_USER_AGENT' => 'Mozilla/5.0 (Windows NT 6.3; WOW64) AppleWebKit/537.36 (KHTML, like Gecko) Chrome/44.0.2403.155 Safari/537.36'
    'HTTP_REFERER' => 'http://sbc.techfusion.it/admin/index.php?r=customers'
    'HTTP_ACCEPT_ENCODING' => 'gzip, deflate, sdch'
    'HTTP_ACCEPT_LANGUAGE' => 'it,en-US;q=0.8,en;q=0.6'
    'HTTP_COOKIE' => '_ga=GA1.2.1041103382.1440165785; PHPSESSID=4sof8cov425v56sjmm6i41p125; _csrf=4ed2cbd211c139cb807e585d7fd78eaf821f1e71f6b44e1311ab7928b54987f9a%3A2%3A%7Bi%3A0%3Bs%3A5%3A%22_csrf%22%3Bi%3A1%3Bs%3A32%3A%22xrdxQUjdW4TPSMh-UQoNjJjhTAQDWW6f%22%3B%7D; _identity=313d39a30ac38707f396c5c69997b2f6c4d5d86dbe61f4745f521abf95853138a%3A2%3A%7Bi%3A0%3Bs%3A9%3A%22_identity%22%3Bi%3A1%3Bs%3A46%3A%22%5B1%2C%22ZwT46oEfU2QYhBrKC5J44M9vSAUxeWpU%22%2C2592000%5D%22%3B%7D'
    'PATH' => '/usr/local/sbin:/usr/local/bin:/usr/sbin:/usr/bin:/sbin:/bin'
    'SERVER_SIGNATURE' => ''
    'SERVER_SOFTWARE' => 'Apache/2.4.7 (Ubuntu)'
    'SERVER_NAME' => 'sbc.techfusion.it'
    'SERVER_ADDR' => '82.165.137.15'
    'SERVER_PORT' => '80'
    'REMOTE_ADDR' => '85.18.194.158'
    'DOCUMENT_ROOT' => '/var/www/html/OpenSBC'
    'REQUEST_SCHEME' => 'http'
    'CONTEXT_PREFIX' => '/admin'
    'CONTEXT_DOCUMENT_ROOT' => '/var/www/html/OpenSBC/backend/web'
    'SERVER_ADMIN' => 'parantido@techfusion.it'
    'SCRIPT_FILENAME' => '/var/www/html/OpenSBC/backend/web/index.php'
    'REMOTE_PORT' => '53671'
    'GATEWAY_INTERFACE' => 'CGI/1.1'
    'SERVER_PROTOCOL' => 'HTTP/1.1'
    'REQUEST_METHOD' => 'GET'
    'QUERY_STRING' => ''
    'REQUEST_URI' => '/admin/index.php'
    'SCRIPT_NAME' => '/admin/index.php'
    'PHP_SELF' => '/admin/index.php'
    'REQUEST_TIME_FLOAT' => 1440168483.314
    'REQUEST_TIME' => 1440168483
]
